<?xml version="1.0" encoding="UTF-8"?>
<!-- Generated by org.testng.reporters.JUnitReportReporter -->
<testsuite hostname="BLR2-7200013119" name="com.gmail.Testcases.VerigyNextButton" tests="1" failures="0" timestamp="2 Jul 2016 17:29:28 GMT" time="40.953" errors="0">
  <testcase name="verifyValidateNext" time="40.953" classname="com.gmail.Testcases.VerigyNextButton"/>
</testsuite> <!-- com.gmail.Testcases.VerigyNextButton -->
