<?xml version="1.0" encoding="UTF-8"?>
<!-- Generated by org.testng.reporters.JUnitReportReporter -->
<testsuite hostname="BLR2-7200013119" name="com.gmail.Testcases.VerigyNextButton2" tests="1" failures="0" timestamp="12 Jul 2016 17:00:50 GMT" time="28.265" errors="0">
  <testcase name="verifyValidateNext" time="28.265" classname="com.gmail.Testcases.VerigyNextButton2"/>
</testsuite> <!-- com.gmail.Testcases.VerigyNextButton2 -->
