<?xml version="1.0" encoding="UTF-8"?>
<!-- Generated by org.testng.reporters.JUnitReportReporter -->
<testsuite hostname="BLR2-7200013119" name="com.BaseTest.BaseClass" tests="1" failures="0" timestamp="12 Jul 2016 18:40:31 GMT" time="17.298" errors="0">
  <testcase name="base" time="17.298" classname="com.BaseTest.BaseClass"/>
</testsuite> <!-- com.BaseTest.BaseClass -->
